{"C:\\Users\\Rukhya Shaik\\Fakestore-api\\src\\components\\common\\ProductCard.jsx": {"path":"C:\\Users\\Rukhya Shaik\\Fakestore-api\\src\\components\\common\\ProductCard.jsx","statementMap":{"0":{"start":{"line":7,"column":20},"end":{"line":68,"column":null}},"1":{"start":{"line":8,"column":10},"end":{"line":8,"column":null}},"2":{"start":{"line":9,"column":10},"end":{"line":9,"column":null}},"3":{"start":{"line":9,"column":35},"end":{"line":9,"column":74}},"4":{"start":{"line":11,"column":32},"end":{"line":15,"column":null}},"5":{"start":{"line":12,"column":8},"end":{"line":12,"column":null}},"6":{"start":{"line":13,"column":8},"end":{"line":13,"column":null}},"7":{"start":{"line":14,"column":8},"end":{"line":14,"column":null}},"8":{"start":{"line":17,"column":4},"end":{"line":66,"column":null}}},"fnMap":{"0":{"name":"(anonymous_0)","decl":{"start":{"line":7,"column":20},"end":{"line":7,"column":21}},"loc":{"start":{"line":7,"column":37},"end":{"line":68,"column":null}},"line":7},"1":{"name":"(anonymous_1)","decl":{"start":{"line":9,"column":34},"end":{"line":9,"column":35}},"loc":{"start":{"line":9,"column":35},"end":{"line":9,"column":74}},"line":9},"2":{"name":"(anonymous_2)","decl":{"start":{"line":11,"column":32},"end":{"line":11,"column":33}},"loc":{"start":{"line":11,"column":39},"end":{"line":15,"column":null}},"line":11}},"branchMap":{"0":{"loc":{"start":{"line":28,"column":106},"end":{"line":30,"column":null}},"type":"cond-expr","locations":[{"start":{"line":29,"column":34},"end":{"line":29,"column":null}},{"start":{"line":30,"column":34},"end":{"line":30,"column":null}}],"line":28},"1":{"loc":{"start":{"line":33,"column":47},"end":{"line":33,"column":84}},"type":"cond-expr","locations":[{"start":{"line":33,"column":59},"end":{"line":33,"column":76}},{"start":{"line":33,"column":76},"end":{"line":33,"column":84}}],"line":33}},"s":{"0":1,"1":2,"2":2,"3":4,"4":2,"5":0,"6":0,"7":0,"8":2},"f":{"0":2,"1":4,"2":0},"b":{"0":[0,2],"1":[0,2]},"meta":{"lastBranch":2,"lastFunction":3,"lastStatement":9,"seen":{"s:7:20:68:Infinity":0,"f:7:20:7:21":0,"s:8:10:8:Infinity":1,"s:9:10:9:Infinity":2,"f:9:34:9:35":1,"s:9:35:9:74":3,"s:11:32:15:Infinity":4,"f:11:32:11:33":2,"s:12:8:12:Infinity":5,"s:13:8:13:Infinity":6,"s:14:8:14:Infinity":7,"s:17:4:66:Infinity":8,"b:29:34:29:Infinity:30:34:30:Infinity":0,"b:33:59:33:76:33:76:33:84":1}}}
,"C:\\Users\\Rukhya Shaik\\Fakestore-api\\src\\services\\api.js": {"path":"C:\\Users\\Rukhya Shaik\\Fakestore-api\\src\\services\\api.js","statementMap":{"0":{"start":{"line":3,"column":17},"end":{"line":3,"column":43}},"1":{"start":{"line":5,"column":12},"end":{"line":7,"column":2}},"2":{"start":{"line":9,"column":26},"end":{"line":14,"column":1}},"3":{"start":{"line":10,"column":26},"end":{"line":10,"column":46}},"4":{"start":{"line":11,"column":28},"end":{"line":11,"column":54}},"5":{"start":{"line":12,"column":25},"end":{"line":12,"column":56}},"6":{"start":{"line":13,"column":41},"end":{"line":13,"column":82}}},"fnMap":{"0":{"name":"(anonymous_0)","decl":{"start":{"line":10,"column":20},"end":{"line":10,"column":21}},"loc":{"start":{"line":10,"column":26},"end":{"line":10,"column":46}},"line":10},"1":{"name":"(anonymous_1)","decl":{"start":{"line":11,"column":20},"end":{"line":11,"column":21}},"loc":{"start":{"line":11,"column":28},"end":{"line":11,"column":54}},"line":11},"2":{"name":"(anonymous_2)","decl":{"start":{"line":12,"column":19},"end":{"line":12,"column":20}},"loc":{"start":{"line":12,"column":25},"end":{"line":12,"column":56}},"line":12},"3":{"name":"(anonymous_3)","decl":{"start":{"line":13,"column":27},"end":{"line":13,"column":28}},"loc":{"start":{"line":13,"column":41},"end":{"line":13,"column":82}},"line":13}},"branchMap":{},"s":{"0":2,"1":2,"2":2,"3":0,"4":0,"5":0,"6":0},"f":{"0":0,"1":0,"2":0,"3":0},"b":{},"meta":{"lastBranch":0,"lastFunction":4,"lastStatement":7,"seen":{"s:3:17:3:43":0,"s:5:12:7:2":1,"s:9:26:14:1":2,"f:10:20:10:21":0,"s:10:26:10:46":3,"f:11:20:11:21":1,"s:11:28:11:54":4,"f:12:19:12:20":2,"s:12:25:12:56":5,"f:13:27:13:28":3,"s:13:41:13:82":6}}}
,"C:\\Users\\Rukhya Shaik\\Fakestore-api\\src\\store\\slices\\favoriteSlice.js": {"path":"C:\\Users\\Rukhya Shaik\\Fakestore-api\\src\\store\\slices\\favoriteSlice.js","statementMap":{"0":{"start":{"line":3,"column":21},"end":{"line":5,"column":1}},"1":{"start":{"line":7,"column":21},"end":{"line":28,"column":2}},"2":{"start":{"line":12,"column":28},"end":{"line":12,"column":42}},"3":{"start":{"line":13,"column":26},"end":{"line":13,"column":83}},"4":{"start":{"line":13,"column":60},"end":{"line":13,"column":82}},"5":{"start":{"line":15,"column":12},"end":{"line":19,"column":13}},"6":{"start":{"line":16,"column":16},"end":{"line":16,"column":49}},"7":{"start":{"line":18,"column":16},"end":{"line":18,"column":46}},"8":{"start":{"line":21,"column":12},"end":{"line":21,"column":79}},"9":{"start":{"line":24,"column":12},"end":{"line":24,"column":89}},"10":{"start":{"line":24,"column":61},"end":{"line":24,"column":87}},"11":{"start":{"line":25,"column":12},"end":{"line":25,"column":79}},"12":{"start":{"line":30,"column":50},"end":{"line":30,"column":71}},"13":{"start":{"line":32,"column":31},"end":{"line":32,"column":67}},"14":{"start":{"line":32,"column":42},"end":{"line":32,"column":67}},"15":{"start":{"line":33,"column":26},"end":{"line":34,"column":65}},"16":{"start":{"line":34,"column":4},"end":{"line":34,"column":65}},"17":{"start":{"line":34,"column":43},"end":{"line":34,"column":64}}},"fnMap":{"0":{"name":"(anonymous_0)","decl":{"start":{"line":11,"column":24},"end":{"line":11,"column":25}},"loc":{"start":{"line":11,"column":43},"end":{"line":22,"column":9}},"line":11},"1":{"name":"(anonymous_1)","decl":{"start":{"line":13,"column":52},"end":{"line":13,"column":56}},"loc":{"start":{"line":13,"column":60},"end":{"line":13,"column":82}},"line":13},"2":{"name":"(anonymous_2)","decl":{"start":{"line":23,"column":24},"end":{"line":23,"column":25}},"loc":{"start":{"line":23,"column":43},"end":{"line":26,"column":9}},"line":23},"3":{"name":"(anonymous_3)","decl":{"start":{"line":24,"column":53},"end":{"line":24,"column":57}},"loc":{"start":{"line":24,"column":61},"end":{"line":24,"column":87}},"line":24},"4":{"name":"(anonymous_4)","decl":{"start":{"line":32,"column":31},"end":{"line":32,"column":32}},"loc":{"start":{"line":32,"column":42},"end":{"line":32,"column":67}},"line":32},"5":{"name":"(anonymous_5)","decl":{"start":{"line":33,"column":26},"end":{"line":33,"column":27}},"loc":{"start":{"line":34,"column":4},"end":{"line":34,"column":65}},"line":34},"6":{"name":"(anonymous_6)","decl":{"start":{"line":34,"column":35},"end":{"line":34,"column":39}},"loc":{"start":{"line":34,"column":43},"end":{"line":34,"column":64}},"line":34}},"branchMap":{"0":{"loc":{"start":{"line":4,"column":15},"end":{"line":4,"column":66}},"type":"binary-expr","locations":[{"start":{"line":4,"column":15},"end":{"line":4,"column":60}},{"start":{"line":4,"column":64},"end":{"line":4,"column":66}}],"line":4},"1":{"loc":{"start":{"line":15,"column":12},"end":{"line":19,"column":13}},"type":"if","locations":[{"start":{"line":15,"column":12},"end":{"line":19,"column":13}},{"start":{"line":17,"column":19},"end":{"line":19,"column":13}}],"line":15}},"s":{"0":1,"1":1,"2":0,"3":0,"4":0,"5":0,"6":0,"7":0,"8":0,"9":0,"10":0,"11":0,"12":1,"13":1,"14":0,"15":1,"16":4,"17":0},"f":{"0":0,"1":0,"2":0,"3":0,"4":0,"5":4,"6":0},"b":{"0":[1,1],"1":[0,0]},"meta":{"lastBranch":2,"lastFunction":7,"lastStatement":18,"seen":{"s:3:21:5:1":0,"b:4:15:4:60:4:64:4:66":0,"s:7:21:28:2":1,"f:11:24:11:25":0,"s:12:28:12:42":2,"s:13:26:13:83":3,"f:13:52:13:56":1,"s:13:60:13:82":4,"b:15:12:19:13:17:19:19:13":1,"s:15:12:19:13":5,"s:16:16:16:49":6,"s:18:16:18:46":7,"s:21:12:21:79":8,"f:23:24:23:25":2,"s:24:12:24:89":9,"f:24:53:24:57":3,"s:24:61:24:87":10,"s:25:12:25:79":11,"s:30:50:30:71":12,"s:32:31:32:67":13,"f:32:31:32:32":4,"s:32:42:32:67":14,"s:33:26:34:65":15,"f:33:26:33:27":5,"s:34:4:34:65":16,"f:34:35:34:39":6,"s:34:43:34:64":17}}}
,"C:\\Users\\Rukhya Shaik\\Fakestore-api\\src\\store\\slices\\productSlice.js": {"path":"C:\\Users\\Rukhya Shaik\\Fakestore-api\\src\\store\\slices\\productSlice.js","statementMap":{"0":{"start":{"line":4,"column":28},"end":{"line":14,"column":1}},"1":{"start":{"line":7,"column":8},"end":{"line":12,"column":9}},"2":{"start":{"line":8,"column":29},"end":{"line":8,"column":62}},"3":{"start":{"line":9,"column":12},"end":{"line":9,"column":33}},"4":{"start":{"line":11,"column":12},"end":{"line":11,"column":87}},"5":{"start":{"line":16,"column":30},"end":{"line":26,"column":1}},"6":{"start":{"line":19,"column":8},"end":{"line":24,"column":9}},"7":{"start":{"line":20,"column":29},"end":{"line":20,"column":61}},"8":{"start":{"line":21,"column":12},"end":{"line":21,"column":33}},"9":{"start":{"line":23,"column":12},"end":{"line":23,"column":89}},"10":{"start":{"line":28,"column":21},"end":{"line":39,"column":1}},"11":{"start":{"line":41,"column":20},"end":{"line":76,"column":2}},"12":{"start":{"line":46,"column":12},"end":{"line":46,"column":50}},"13":{"start":{"line":47,"column":12},"end":{"line":47,"column":54}},"14":{"start":{"line":50,"column":12},"end":{"line":50,"column":52}},"15":{"start":{"line":51,"column":12},"end":{"line":51,"column":54}},"16":{"start":{"line":54,"column":12},"end":{"line":54,"column":48}},"17":{"start":{"line":55,"column":12},"end":{"line":55,"column":54}},"18":{"start":{"line":59,"column":8},"end":{"line":74,"column":15}},"19":{"start":{"line":61,"column":16},"end":{"line":61,"column":41}},"20":{"start":{"line":64,"column":16},"end":{"line":64,"column":43}},"21":{"start":{"line":65,"column":16},"end":{"line":65,"column":45}},"22":{"start":{"line":66,"column":16},"end":{"line":66,"column":88}},"23":{"start":{"line":69,"column":16},"end":{"line":69,"column":40}},"24":{"start":{"line":70,"column":16},"end":{"line":70,"column":45}},"25":{"start":{"line":73,"column":16},"end":{"line":73,"column":50}},"26":{"start":{"line":78,"column":21},"end":{"line":101,"column":1}},"27":{"start":{"line":79,"column":17},"end":{"line":79,"column":33}},"28":{"start":{"line":82,"column":4},"end":{"line":86,"column":5}},"29":{"start":{"line":83,"column":8},"end":{"line":85,"column":10}},"30":{"start":{"line":84,"column":12},"end":{"line":84,"column":81}},"31":{"start":{"line":89,"column":4},"end":{"line":91,"column":5}},"32":{"start":{"line":90,"column":8},"end":{"line":90,"column":81}},"33":{"start":{"line":90,"column":39},"end":{"line":90,"column":79}},"34":{"start":{"line":94,"column":4},"end":{"line":98,"column":5}},"35":{"start":{"line":95,"column":8},"end":{"line":95,"column":49}},"36":{"start":{"line":95,"column":30},"end":{"line":95,"column":47}},"37":{"start":{"line":96,"column":11},"end":{"line":98,"column":5}},"38":{"start":{"line":97,"column":8},"end":{"line":97,"column":49}},"39":{"start":{"line":97,"column":30},"end":{"line":97,"column":47}},"40":{"start":{"line":100,"column":4},"end":{"line":100,"column":18}},"41":{"start":{"line":103,"column":51},"end":{"line":103,"column":71}},"42":{"start":{"line":105,"column":33},"end":{"line":105,"column":72}},"43":{"start":{"line":105,"column":44},"end":{"line":105,"column":72}},"44":{"start":{"line":106,"column":35},"end":{"line":106,"column":67}},"45":{"start":{"line":106,"column":46},"end":{"line":106,"column":67}},"46":{"start":{"line":107,"column":32},"end":{"line":107,"column":68}},"47":{"start":{"line":107,"column":43},"end":{"line":107,"column":68}},"48":{"start":{"line":108,"column":29},"end":{"line":108,"column":62}},"49":{"start":{"line":108,"column":40},"end":{"line":108,"column":62}}},"fnMap":{"0":{"name":"(anonymous_0)","decl":{"start":{"line":6,"column":4},"end":{"line":6,"column":9}},"loc":{"start":{"line":6,"column":38},"end":{"line":13,"column":5}},"line":6},"1":{"name":"(anonymous_1)","decl":{"start":{"line":18,"column":4},"end":{"line":18,"column":9}},"loc":{"start":{"line":18,"column":38},"end":{"line":25,"column":5}},"line":18},"2":{"name":"(anonymous_2)","decl":{"start":{"line":45,"column":19},"end":{"line":45,"column":20}},"loc":{"start":{"line":45,"column":38},"end":{"line":48,"column":9}},"line":45},"3":{"name":"(anonymous_3)","decl":{"start":{"line":49,"column":21},"end":{"line":49,"column":22}},"loc":{"start":{"line":49,"column":40},"end":{"line":52,"column":9}},"line":49},"4":{"name":"(anonymous_4)","decl":{"start":{"line":53,"column":17},"end":{"line":53,"column":18}},"loc":{"start":{"line":53,"column":36},"end":{"line":56,"column":9}},"line":53},"5":{"name":"(anonymous_5)","decl":{"start":{"line":58,"column":19},"end":{"line":58,"column":20}},"loc":{"start":{"line":58,"column":32},"end":{"line":75,"column":5}},"line":58},"6":{"name":"(anonymous_6)","decl":{"start":{"line":60,"column":44},"end":{"line":60,"column":45}},"loc":{"start":{"line":60,"column":55},"end":{"line":62,"column":13}},"line":60},"7":{"name":"(anonymous_7)","decl":{"start":{"line":63,"column":46},"end":{"line":63,"column":47}},"loc":{"start":{"line":63,"column":65},"end":{"line":67,"column":13}},"line":63},"8":{"name":"(anonymous_8)","decl":{"start":{"line":68,"column":45},"end":{"line":68,"column":46}},"loc":{"start":{"line":68,"column":64},"end":{"line":71,"column":13}},"line":68},"9":{"name":"(anonymous_9)","decl":{"start":{"line":72,"column":48},"end":{"line":72,"column":49}},"loc":{"start":{"line":72,"column":67},"end":{"line":74,"column":13}},"line":72},"10":{"name":"(anonymous_10)","decl":{"start":{"line":78,"column":21},"end":{"line":78,"column":22}},"loc":{"start":{"line":78,"column":32},"end":{"line":101,"column":1}},"line":78},"11":{"name":"(anonymous_11)","decl":{"start":{"line":83,"column":31},"end":{"line":83,"column":35}},"loc":{"start":{"line":84,"column":12},"end":{"line":84,"column":81}},"line":84},"12":{"name":"(anonymous_12)","decl":{"start":{"line":90,"column":31},"end":{"line":90,"column":35}},"loc":{"start":{"line":90,"column":39},"end":{"line":90,"column":79}},"line":90},"13":{"name":"(anonymous_13)","decl":{"start":{"line":95,"column":20},"end":{"line":95,"column":21}},"loc":{"start":{"line":95,"column":30},"end":{"line":95,"column":47}},"line":95},"14":{"name":"(anonymous_14)","decl":{"start":{"line":97,"column":20},"end":{"line":97,"column":21}},"loc":{"start":{"line":97,"column":30},"end":{"line":97,"column":47}},"line":97},"15":{"name":"(anonymous_15)","decl":{"start":{"line":105,"column":33},"end":{"line":105,"column":34}},"loc":{"start":{"line":105,"column":44},"end":{"line":105,"column":72}},"line":105},"16":{"name":"(anonymous_16)","decl":{"start":{"line":106,"column":35},"end":{"line":106,"column":36}},"loc":{"start":{"line":106,"column":46},"end":{"line":106,"column":67}},"line":106},"17":{"name":"(anonymous_17)","decl":{"start":{"line":107,"column":32},"end":{"line":107,"column":33}},"loc":{"start":{"line":107,"column":43},"end":{"line":107,"column":68}},"line":107},"18":{"name":"(anonymous_18)","decl":{"start":{"line":108,"column":29},"end":{"line":108,"column":30}},"loc":{"start":{"line":108,"column":40},"end":{"line":108,"column":62}},"line":108}},"branchMap":{"0":{"loc":{"start":{"line":11,"column":35},"end":{"line":11,"column":85}},"type":"binary-expr","locations":[{"start":{"line":11,"column":35},"end":{"line":11,"column":55}},{"start":{"line":11,"column":59},"end":{"line":11,"column":85}}],"line":11},"1":{"loc":{"start":{"line":23,"column":35},"end":{"line":23,"column":87}},"type":"binary-expr","locations":[{"start":{"line":23,"column":35},"end":{"line":23,"column":55}},{"start":{"line":23,"column":59},"end":{"line":23,"column":87}}],"line":23},"2":{"loc":{"start":{"line":82,"column":4},"end":{"line":86,"column":5}},"type":"if","locations":[{"start":{"line":82,"column":4},"end":{"line":86,"column":5}},{"start":{},"end":{}}],"line":82},"3":{"loc":{"start":{"line":89,"column":4},"end":{"line":91,"column":5}},"type":"if","locations":[{"start":{"line":89,"column":4},"end":{"line":91,"column":5}},{"start":{},"end":{}}],"line":89},"4":{"loc":{"start":{"line":94,"column":4},"end":{"line":98,"column":5}},"type":"if","locations":[{"start":{"line":94,"column":4},"end":{"line":98,"column":5}},{"start":{"line":96,"column":11},"end":{"line":98,"column":5}}],"line":94},"5":{"loc":{"start":{"line":96,"column":11},"end":{"line":98,"column":5}},"type":"if","locations":[{"start":{"line":96,"column":11},"end":{"line":98,"column":5}},{"start":{},"end":{}}],"line":96}},"s":{"0":2,"1":0,"2":0,"3":0,"4":0,"5":2,"6":0,"7":0,"8":0,"9":0,"10":2,"11":2,"12":1,"13":1,"14":1,"15":1,"16":1,"17":1,"18":2,"19":0,"20":0,"21":0,"22":0,"23":0,"24":0,"25":0,"26":2,"27":3,"28":3,"29":1,"30":2,"31":3,"32":1,"33":2,"34":3,"35":0,"36":0,"37":3,"38":1,"39":1,"40":3,"41":2,"42":2,"43":0,"44":2,"45":0,"46":2,"47":0,"48":2,"49":0},"f":{"0":0,"1":0,"2":1,"3":1,"4":1,"5":2,"6":0,"7":0,"8":0,"9":0,"10":3,"11":2,"12":2,"13":0,"14":1,"15":0,"16":0,"17":0,"18":0},"b":{"0":[0,0],"1":[0,0],"2":[1,2],"3":[1,2],"4":[0,3],"5":[1,2]},"meta":{"lastBranch":6,"lastFunction":19,"lastStatement":50,"seen":{"s:4:28:14:1":0,"f:6:4:6:9":0,"s:7:8:12:9":1,"s:8:29:8:62":2,"s:9:12:9:33":3,"s:11:12:11:87":4,"b:11:35:11:55:11:59:11:85":0,"s:16:30:26:1":5,"f:18:4:18:9":1,"s:19:8:24:9":6,"s:20:29:20:61":7,"s:21:12:21:33":8,"s:23:12:23:89":9,"b:23:35:23:55:23:59:23:87":1,"s:28:21:39:1":10,"s:41:20:76:2":11,"f:45:19:45:20":2,"s:46:12:46:50":12,"s:47:12:47:54":13,"f:49:21:49:22":3,"s:50:12:50:52":14,"s:51:12:51:54":15,"f:53:17:53:18":4,"s:54:12:54:48":16,"s:55:12:55:54":17,"f:58:19:58:20":5,"s:59:8:74:15":18,"f:60:44:60:45":6,"s:61:16:61:41":19,"f:63:46:63:47":7,"s:64:16:64:43":20,"s:65:16:65:45":21,"s:66:16:66:88":22,"f:68:45:68:46":8,"s:69:16:69:40":23,"s:70:16:70:45":24,"f:72:48:72:49":9,"s:73:16:73:50":25,"s:78:21:101:1":26,"f:78:21:78:22":10,"s:79:17:79:33":27,"b:82:4:86:5:undefined:undefined:undefined:undefined":2,"s:82:4:86:5":28,"s:83:8:85:10":29,"f:83:31:83:35":11,"s:84:12:84:81":30,"b:89:4:91:5:undefined:undefined:undefined:undefined":3,"s:89:4:91:5":31,"s:90:8:90:81":32,"f:90:31:90:35":12,"s:90:39:90:79":33,"b:94:4:98:5:96:11:98:5":4,"s:94:4:98:5":34,"s:95:8:95:49":35,"f:95:20:95:21":13,"s:95:30:95:47":36,"b:96:11:98:5:undefined:undefined:undefined:undefined":5,"s:96:11:98:5":37,"s:97:8:97:49":38,"f:97:20:97:21":14,"s:97:30:97:47":39,"s:100:4:100:18":40,"s:103:51:103:71":41,"s:105:33:105:72":42,"f:105:33:105:34":15,"s:105:44:105:72":43,"s:106:35:106:67":44,"f:106:35:106:36":16,"s:106:46:106:67":45,"s:107:32:107:68":46,"f:107:32:107:33":17,"s:107:43:107:68":47,"s:108:29:108:62":48,"f:108:29:108:30":18,"s:108:40:108:62":49}}}
,"C:\\Users\\Rukhya Shaik\\Fakestore-api\\src\\test\\utils.jsx": {"path":"C:\\Users\\Rukhya Shaik\\Fakestore-api\\src\\test\\utils.jsx","statementMap":{"0":{"start":{"line":22,"column":8},"end":{"line":25,"column":null}},"1":{"start":{"line":29,"column":4},"end":{"line":29,"column":null}}},"fnMap":{"0":{"name":"renderWithProviders","decl":{"start":{"line":9,"column":16},"end":{"line":9,"column":null}},"loc":{"start":{"line":20,"column":2},"end":{"line":30,"column":null}},"line":20},"1":{"name":"Wrapper","decl":{"start":{"line":21,"column":13},"end":{"line":21,"column":21}},"loc":{"start":{"line":21,"column":35},"end":{"line":27,"column":null}},"line":21}},"branchMap":{"0":{"loc":{"start":{"line":11,"column":4},"end":{"line":19,"column":null}},"type":"default-arg","locations":[{"start":{"line":19,"column":8},"end":{"line":19,"column":null}}],"line":11},"1":{"loc":{"start":{"line":12,"column":8},"end":{"line":12,"column":null}},"type":"default-arg","locations":[{"start":{"line":12,"column":25},"end":{"line":12,"column":null}}],"line":12},"2":{"loc":{"start":{"line":14,"column":8},"end":{"line":17,"column":null}},"type":"default-arg","locations":[{"start":{"line":14,"column":8},"end":{"line":17,"column":null}}],"line":14}},"s":{"0":2,"1":2},"f":{"0":2,"1":2},"b":{"0":[2],"1":[2],"2":[2]},"meta":{"lastBranch":3,"lastFunction":2,"lastStatement":2,"seen":{"f:9:16:9:Infinity":0,"b:19:8:19:Infinity":0,"b:12:25:12:Infinity":1,"b:14:8:17:Infinity":2,"f:21:13:21:21":1,"s:22:8:25:Infinity":0,"s:29:4:29:Infinity":1}}}
}
